Change Component Comment : Designator=R2 Old Comment=1k New Comment=10k
Change Component Comment : Designator=R3 Old Comment=1k New Comment=10k
Change Component Comment : Designator=C3 Old Comment=1uF New Comment=50nF
Change component parameters: Designator = "C3" ("C3"); Footprint = "1206_Passive"; UniqueID = "\USTQEACR" ("\USTQEACR")
Change component parameters (AddParameter): Name = "Digikey Link"; Value = "https://www.digikey.com/product-detail/en/885012008011/732-7867-1-ND/5454494/?itemSeq=304982362"; VariantName = "[No Variations]"
Change component parameters (AddParameter): Name = "Digikey Part"; Value = "732-7867-1-ND"; VariantName = "[No Variations]"
Change component parameters (AddParameter): Name = "Value"; Value = "50nF"; VariantName = "[No Variations]"
Change component parameters: Designator = "R2" ("R2"); Footprint = "1206_Passive"; UniqueID = "\ELVRSFEL" ("\ELVRSFEL")
Change component parameters (AddParameter): Name = "Digikey Link"; Value = "https://www.digikey.com/product-detail/en/RMCF1206JT300R/RMCF1206JT300RCT-ND/1942776/?itemSeq=304982374"; VariantName = "[No Variations]"
Change component parameters (AddParameter): Name = "Digikey Part"; Value = "RMCF1206JT300RCT-ND"; VariantName = "[No Variations]"
Change component parameters (AddParameter): Name = "Value"; Value = "10KOhm"; VariantName = "[No Variations]"
Change component parameters: Designator = "R3" ("R3"); Footprint = "1206_Passive"; UniqueID = "\DONGDSVS" ("\DONGDSVS")
Change component parameters (AddParameter): Name = "Digikey Link"; Value = "https://www.digikey.com/product-detail/en/RMCF1206JT300R/RMCF1206JT300RCT-ND/1942776/?itemSeq=304982374"; VariantName = "[No Variations]"
Change component parameters (AddParameter): Name = "Digikey Part"; Value = "RMCF1206JT300RCT-ND"; VariantName = "[No Variations]"
Change component parameters (AddParameter): Name = "Value"; Value = "10KOhm"; VariantName = "[No Variations]"
Added Component: Designator=C5(1206_Passive)
Add component (AddParameter): Name = "Digikey Link"; Value = "https://www.digikey.com/product-detail/en/CL31A226MOCLNNC/1276-2728-1-ND/3890814/?itemSeq=304982363"; VariantName = "[No Variations]"
Add component (AddParameter): Name = "Digikey Part"; Value = "1276-2728-1-ND"; VariantName = "[No Variations]"
Add component (AddParameter): Name = "Value"; Value = "22uF"; VariantName = "[No Variations]"
Added Component: Designator=C6(1206_Passive)
Add component (AddParameter): Name = "Digikey Link"; Value = "https://www.digikey.com/product-detail/en/885012008011/732-7867-1-ND/5454494/?itemSeq=304982362"; VariantName = "[No Variations]"
Add component (AddParameter): Name = "Digikey Part"; Value = "732-7867-1-ND"; VariantName = "[No Variations]"
Add component (AddParameter): Name = "Value"; Value = "50nF"; VariantName = "[No Variations]"
Added Component: Designator=LED6(LED)
Add component (AddParameter): Name = "Digikey Link"; Value = "https://www.digikey.com/product-detail/en/LTST-C150CKT/160-1167-1-ND/269239/?itemSeq=304982368"; VariantName = "[No Variations]"
Add component (AddParameter): Name = "Digikey Part"; Value = "160-1167-1-ND"; VariantName = "[No Variations]"
Add component (AddParameter): Name = "Value"; Value = "Red"; VariantName = "[No Variations]"
Added Component: Designator=LED7(LED)
Add component (AddParameter): Name = "Digikey Link"; Value = "https://www.digikey.com/product-detail/en/LTST-C150CKT/160-1167-1-ND/269239/?itemSeq=304982368"; VariantName = "[No Variations]"
Add component (AddParameter): Name = "Digikey Part"; Value = "160-1167-1-ND"; VariantName = "[No Variations]"
Add component (AddParameter): Name = "Value"; Value = "Red"; VariantName = "[No Variations]"
Added Component: Designator=LED8(LED)
Add component (AddParameter): Name = "Digikey Link"; Value = "https://www.digikey.com/product-detail/en/LTST-C150CKT/160-1167-1-ND/269239/?itemSeq=304982368"; VariantName = "[No Variations]"
Add component (AddParameter): Name = "Digikey Part"; Value = "160-1167-1-ND"; VariantName = "[No Variations]"
Add component (AddParameter): Name = "Value"; Value = "Red"; VariantName = "[No Variations]"
Added Component: Designator=LED9(LED)
Add component (AddParameter): Name = "Digikey Link"; Value = "https://www.digikey.com/product-detail/en/LTST-C150CKT/160-1167-1-ND/269239/?itemSeq=304982368"; VariantName = "[No Variations]"
Add component (AddParameter): Name = "Digikey Part"; Value = "160-1167-1-ND"; VariantName = "[No Variations]"
Add component (AddParameter): Name = "Value"; Value = "Red"; VariantName = "[No Variations]"
Added Component: Designator=PS1(LDO)
Add component (AddParameter): Name = "Digikey Link"; Value = "https://www.digikey.com/product-detail/en/AZ1117CH-3.3TRG1/AZ1117CH-3.3TRG1DICT-ND/4505206/?itemSeq=304982370"; VariantName = "[No Variations]"
Add component (AddParameter): Name = "Digikey Part"; Value = "AZ1117CH-3.3TRG1DICT-ND"; VariantName = "[No Variations]"
Add component (AddParameter): Name = "Value"; Value = "IC REG LINEAR 3.3V 800MA SOT223"; VariantName = "[No Variations]"
Added Component: Designator=R8(1206_Passive)
Add component (AddParameter): Name = "Digikey Link"; Value = "https://www.digikey.com/product-detail/en/RNCP1206FTD1K00/RNCP1206FTD1K00CT-ND/2240675/?itemSeq=304982373"; VariantName = "[No Variations]"
Add component (AddParameter): Name = "Digikey Part"; Value = "RNCP1206FTD1K00CT-ND"; VariantName = "[No Variations]"
Add component (AddParameter): Name = "Value"; Value = "1K Ohm"; VariantName = "[No Variations]"
Added Component: Designator=R9(1206_Passive)
Add component (AddParameter): Name = "Digikey Link"; Value = "https://www.digikey.com/product-detail/en/RMCF1206JT300R/RMCF1206JT300RCT-ND/1942776/?itemSeq=304982374"; VariantName = "[No Variations]"
Add component (AddParameter): Name = "Digikey Part"; Value = "RMCF1206JT300RCT-ND"; VariantName = "[No Variations]"
Add component (AddParameter): Name = "Value"; Value = "50Ohm"; VariantName = "[No Variations]"
Added Component: Designator=R10(1206_Passive)
Add component (AddParameter): Name = "Digikey Link"; Value = "https://www.digikey.com/product-detail/en/RMCF1206JT300R/RMCF1206JT300RCT-ND/1942776/?itemSeq=304982374"; VariantName = "[No Variations]"
Add component (AddParameter): Name = "Digikey Part"; Value = "RMCF1206JT300RCT-ND"; VariantName = "[No Variations]"
Add component (AddParameter): Name = "Value"; Value = "50Ohm"; VariantName = "[No Variations]"
Added Component: Designator=R11(1206_Passive)
Add component (AddParameter): Name = "Digikey Link"; Value = "https://www.digikey.com/product-detail/en/RMCF1206JT300R/RMCF1206JT300RCT-ND/1942776/?itemSeq=304982374"; VariantName = "[No Variations]"
Add component (AddParameter): Name = "Digikey Part"; Value = "RMCF1206JT300RCT-ND"; VariantName = "[No Variations]"
Add component (AddParameter): Name = "Value"; Value = "50Ohm"; VariantName = "[No Variations]"
Added Component: Designator=TP4(TP10x_Probe)
Added Component: Designator=TP5(TP10x_Probe)
Added Component: Designator=TP6(TP10x_Probe)
Added Component: Designator=U2(HEX_74LVT14D)
Add component (AddParameter): Name = "ComponentLink1Description"; Value = "New link"; VariantName = "[No Variations]"
Add component (AddParameter): Name = "ComponentLink1URL"; Value = ""; VariantName = "[No Variations]"
Add component (AddParameter): Name = "Supplier 1"; Value = "Digi-Key"; VariantName = "[No Variations]"
Added Pin To Net: NetName=GND Pin=C5-1
Added Pin To Net: NetName=GND Pin=C6-1
Added Pin To Net: NetName=NetC3_2 Pin=C6-2
Added Pin To Net: NetName=GND Pin=P1-2
Added Pin To Net: NetName=GND Pin=P1-3
Added Pin To Net: NetName=GND Pin=PS1-1
Added Pin To Net: NetName=555_5v Pin=PS1-3
Added Pin To Net: NetName=GND Pin=R8-1
Added Pin To Net: NetName=GND Pin=R9-1
Added Pin To Net: NetName=GND Pin=R10-1
Added Pin To Net: NetName=GND Pin=R11-1
Added Pin To Net: NetName=GND Pin=TP4-2
Added Pin To Net: NetName=GND Pin=TP5-1
Added Pin To Net: NetName=GND Pin=TP6-2
Added Pin To Net: NetName=555_output Pin=U2-3
Added Pin To Net: NetName=555_output Pin=U2-5
Added Pin To Net: NetName=GND Pin=U2-7
Added Pin To Net: NetName=555_output Pin=U2-9
Added Pin To Net: NetName=555_output Pin=U2-11
Added Pin To Net: NetName=GND Pin=U2-13
Added Pin To Net: NetName=LDO_3.3V Pin=C5-2
Added Pin To Net: NetName=LDO_3.3V Pin=LED6-2
Added Pin To Net: NetName=LDO_3.3V Pin=PS1-2
Added Pin To Net: NetName=LDO_3.3V Pin=U2-1
Added Pin To Net: NetName=LDO_3.3V Pin=U2-14
Added Net: Name=LDO_3.3V
Added Pin To Net: NetName=NetLED6_1 Pin=LED6-1
Added Pin To Net: NetName=NetLED6_1 Pin=R8-2
Added Net: Name=NetLED6_1
Added Pin To Net: NetName=NetLED7_1 Pin=LED7-1
Added Pin To Net: NetName=NetLED7_1 Pin=R9-2
Added Net: Name=NetLED7_1
Added Pin To Net: NetName=NetLED7_2 Pin=LED7-2
Added Pin To Net: NetName=NetLED7_2 Pin=U2-6
Added Net: Name=NetLED7_2
Added Pin To Net: NetName=NetLED8_1 Pin=LED8-1
Added Pin To Net: NetName=NetLED8_1 Pin=R10-2
Added Net: Name=NetLED8_1
Added Pin To Net: NetName=NetLED8_2 Pin=LED8-2
Added Pin To Net: NetName=NetLED8_2 Pin=U2-8
Added Net: Name=NetLED8_2
Added Pin To Net: NetName=NetLED9_1 Pin=LED9-1
Added Pin To Net: NetName=NetLED9_1 Pin=R11-2
Added Net: Name=NetLED9_1
Added Pin To Net: NetName=NetLED9_2 Pin=LED9-2
Added Pin To Net: NetName=NetLED9_2 Pin=U2-10
Added Net: Name=NetLED9_2
Added Pin To Net: NetName=NetTP4_1 Pin=TP4-1
Added Pin To Net: NetName=NetTP4_1 Pin=U2-2
Added Net: Name=NetTP4_1
Added Pin To Net: NetName=NetTP5_2 Pin=TP5-2
Added Pin To Net: NetName=NetTP5_2 Pin=U2-12
Added Net: Name=NetTP5_2
Added Pin To Net: NetName=NetTP6_1 Pin=TP6-1
Added Pin To Net: NetName=NetTP6_1 Pin=U2-4
Added Net: Name=NetTP6_1
Added Member To Class: ClassName=Sheet1 Member=Component C5 22uF
Added Member To Class: ClassName=Sheet1 Member=Component C6 50nF
Added Member To Class: ClassName=Sheet1 Member=Component LED6 LTST-C150CKT
Added Member To Class: ClassName=Sheet1 Member=Component LED7 LTST-C150CKT
Added Member To Class: ClassName=Sheet1 Member=Component LED8 LTST-C150CKT
Added Member To Class: ClassName=Sheet1 Member=Component LED9 LTST-C150CKT
Added Member To Class: ClassName=Sheet1 Member=Component PS1 AZ1117CH-3.3TRG1
Added Member To Class: ClassName=Sheet1 Member=Component R8 1k
Added Member To Class: ClassName=Sheet1 Member=Component R9 50
Added Member To Class: ClassName=Sheet1 Member=Component R10 50
Added Member To Class: ClassName=Sheet1 Member=Component R11 50
Added Member To Class: ClassName=Sheet1 Member=Component TP4 TP_Quiet_Low
Added Member To Class: ClassName=Sheet1 Member=Component TP5 TP_Quiet_High
Added Member To Class: ClassName=Sheet1 Member=Component TP6 TP_Trigger
Added Member To Class: ClassName=Sheet1 Member=Component U2 Hex Inverter
Added Rule: Name=Schematic Width Constraint_2
